{"name": "HomePage Verification", "status": "broken", "statusDetails": {"message": "selenium.common.exceptions.NoSuchWindowException: Message: no such window: target window already closed\nfrom unknown error: web view not found\n  (Session info: chrome=100.0.4896.127)\nStacktrace:\nBacktrace:\n\tOrdinal0 [0x00CC7413+2389011]\n\tOrdinal0 [0x00C59F61+1941345]\n\tOrdinal0 [0x00B4C658+837208]\n\tOrdinal0 [0x00B34480+738432]\n\tOrdinal0 [0x00B96999+1141145]\n\tOrdinal0 [0x00BA3AA2+1194658]\n\tOrdinal0 [0x00B93F66+1130342]\n\tOrdinal0 [0x00B6E546+976198]\n\tOrdinal0 [0x00B6F456+980054]\n\tGetHandleVerifier [0x00E79632+1727522]\n\tGetHandleVerifier [0x00F2BA4D+2457661]\n\tGetHandleVerifier [0x00D5EB81+569713]\n\tGetHandleVerifier [0x00D5DD76+566118]\n\tOrdinal0 [0x00C60B2B+1968939]\n\tOrdinal0 [0x00C65988+1989000]\n\tOrdinal0 [0x00C65A75+1989237]\n\tOrdinal0 [0x00C6ECB1+2026673]\n\tBaseThreadInitThunk [0x773FFA29+25]\n\tRtlGetAppContainerNamedObjectPath [0x77A57A7E+286]\n\tRtlGetAppContainerNamedObjectPath [0x77A57A4E+238]\n\n", "trace": "  File \"c:\\users\\wedgewood\\pycharmprojects\\hybridbehaveframework\\venv\\lib\\site-packages\\behave\\model.py\", line 1329, in run\n    match.run(runner.context)\n  File \"c:\\users\\wedgewood\\pycharmprojects\\hybridbehaveframework\\venv\\lib\\site-packages\\behave\\matchers.py\", line 98, in run\n    self.func(context, *args, **kwargs)\n  File \"Features\\steps\\HomePageSteps.py\", line 24, in step_impl\n    actualTitle = context.driver.title\n  File \"c:\\users\\wedgewood\\pycharmprojects\\hybridbehaveframework\\venv\\lib\\site-packages\\selenium\\webdriver\\remote\\webdriver.py\", line 448, in title\n    resp = self.execute(Command.GET_TITLE)\n  File \"c:\\users\\wedgewood\\pycharmprojects\\hybridbehaveframework\\venv\\lib\\site-packages\\selenium\\webdriver\\remote\\webdriver.py\", line 425, in execute\n    self.error_handler.check_response(response)\n  File \"c:\\users\\wedgewood\\pycharmprojects\\hybridbehaveframework\\venv\\lib\\site-packages\\selenium\\webdriver\\remote\\errorhandler.py\", line 247, in check_response\n    raise exception_class(message, screen, stacktrace)\n"}, "steps": [{"name": "Given Launch the browser and open the app", "status": "passed", "start": 1651086155087, "stop": 1651086161834}, {"name": "Then Verify page title", "status": "broken", "statusDetails": {"message": "selenium.common.exceptions.NoSuchWindowException: Message: no such window: target window already closed\nfrom unknown error: web view not found\n  (Session info: chrome=100.0.4896.127)\nStacktrace:\nBacktrace:\n\tOrdinal0 [0x00CC7413+2389011]\n\tOrdinal0 [0x00C59F61+1941345]\n\tOrdinal0 [0x00B4C658+837208]\n\tOrdinal0 [0x00B34480+738432]\n\tOrdinal0 [0x00B96999+1141145]\n\tOrdinal0 [0x00BA3AA2+1194658]\n\tOrdinal0 [0x00B93F66+1130342]\n\tOrdinal0 [0x00B6E546+976198]\n\tOrdinal0 [0x00B6F456+980054]\n\tGetHandleVerifier [0x00E79632+1727522]\n\tGetHandleVerifier [0x00F2BA4D+2457661]\n\tGetHandleVerifier [0x00D5EB81+569713]\n\tGetHandleVerifier [0x00D5DD76+566118]\n\tOrdinal0 [0x00C60B2B+1968939]\n\tOrdinal0 [0x00C65988+1989000]\n\tOrdinal0 [0x00C65A75+1989237]\n\tOrdinal0 [0x00C6ECB1+2026673]\n\tBaseThreadInitThunk [0x773FFA29+25]\n\tRtlGetAppContainerNamedObjectPath [0x77A57A7E+286]\n\tRtlGetAppContainerNamedObjectPath [0x77A57A4E+238]\n\n", "trace": "  File \"c:\\users\\wedgewood\\pycharmprojects\\hybridbehaveframework\\venv\\lib\\site-packages\\behave\\model.py\", line 1329, in run\n    match.run(runner.context)\n  File \"c:\\users\\wedgewood\\pycharmprojects\\hybridbehaveframework\\venv\\lib\\site-packages\\behave\\matchers.py\", line 98, in run\n    self.func(context, *args, **kwargs)\n  File \"Features\\steps\\HomePageSteps.py\", line 24, in step_impl\n    actualTitle = context.driver.title\n  File \"c:\\users\\wedgewood\\pycharmprojects\\hybridbehaveframework\\venv\\lib\\site-packages\\selenium\\webdriver\\remote\\webdriver.py\", line 448, in title\n    resp = self.execute(Command.GET_TITLE)\n  File \"c:\\users\\wedgewood\\pycharmprojects\\hybridbehaveframework\\venv\\lib\\site-packages\\selenium\\webdriver\\remote\\webdriver.py\", line 425, in execute\n    self.error_handler.check_response(response)\n  File \"c:\\users\\wedgewood\\pycharmprojects\\hybridbehaveframework\\venv\\lib\\site-packages\\selenium\\webdriver\\remote\\errorhandler.py\", line 247, in check_response\n    raise exception_class(message, screen, stacktrace)\n"}, "start": 1651086161834, "stop": 1651086161839}, {"name": "And Quit the browser", "status": "skipped", "start": 1651086161839, "stop": 1651086161839}], "start": 1651086155086, "stop": 1651086161839, "uuid": "61411878-7047-4b3b-acbd-e49bbb566a28", "historyId": "a44bb6b2c2f3f894b3ffcf000fb1ca9e", "fullName": "Verify Login Page: HomePage Verification", "labels": [{"name": "severity", "value": "normal"}, {"name": "feature", "value": "Verify Login Page"}, {"name": "framework", "value": "behave"}, {"name": "language", "value": "cpython3"}]}